

# PERMA SWEPS
#############
Camera (default GMod camera)
Climb swep
Tazer
Perma knives
	Skins
Perma guns (nothing too OP)
Very expensive OP weapons (RPG, grenades, slams, c4, etc.)
Perma vape
GMod tools? (lights, advdupe2, etc.)?




# PERKS
#######
VIP
Perma gun license
Cash packs
Prop packs (increase your max props)
Additional pocket/bank space
Perma ammo
Some apparel (high priced models/accessories)
Server-wide announcement
printer/vip/crafting/parkour/burgatron/etc. temporary events for the whole server...maybe make purge a sellable event?







# CUSTOM CLASSES
################














